feature/listing/xml/build/intermediates/manifest_merge_blame_file/release/processReleaseManifest/manifest-merger-blame-release-report.txt
1<?xml version="1.0" encoding="utf-8"?>
2<manifest xmlns:android="http://schemas.android.com/apk/res/android"
3    package="io.lb.bleandlistingopt.feature.listing.xml" >
4
5    <uses-sdk android:minSdkVersion="24" />
5-->INJECTED
5-->INJECTED
6
7    <application>
7-->src/main/AndroidManifest.xml:2:5-9:19
8        <activity
8-->src/main/AndroidManifest.xml:3:9-5:40
9            android:name="io.lb.bleandlistingopt.feature.listing.xml.UnoptimizedRecyclerActivity"
9-->src/main/AndroidManifest.xml:4:13-56
10            android:exported="false" />
10-->src/main/AndroidManifest.xml:5:13-37
11        <activity
11-->src/main/AndroidManifest.xml:6:9-8:40
12            android:name="io.lb.bleandlistingopt.feature.listing.xml.OptimizedRecyclerActivity"
12-->src/main/AndroidManifest.xml:7:13-54
13            android:exported="false" />
13-->src/main/AndroidManifest.xml:8:13-37
14    </application>
15
16</manifest>